<?xml version="1.0" encoding="UTF-8"?>
<!-- Generated by org.testng.reporters.JUnitReportReporter -->
<testsuite hostname="DESKTOP-HILO9D6" name="Screenshot.Screenshotpage" tests="1" failures="0" timestamp="14 Jan 2017 09:01:19 GMT" time="36.358" errors="0">
  <testcase name="login" time="36.358" classname="Screenshot.Screenshotpage"/>
</testsuite> <!-- Screenshot.Screenshotpage -->
