<?xml version="1.0" encoding="UTF-8"?>
<!-- Generated by org.testng.reporters.JUnitReportReporter -->
<testsuite hostname="DESKTOP-HILO9D6" name="Screenshot.Multipletestannotations" tests="6" failures="0" timestamp="16 Jan 2017 00:21:31 GMT" time="53.626" errors="0">
  <testcase name="verifytext1" time="8.826" classname="Screenshot.Multipletestannotations"/>
  <testcase name="verifytext1" time="9.275" classname="Screenshot.Multipletestannotations"/>
  <testcase name="verifytext1" time="8.804" classname="Screenshot.Multipletestannotations"/>
  <testcase name="verifytext1" time="8.668" classname="Screenshot.Multipletestannotations"/>
  <testcase name="verifytitle" time="9.091" classname="Screenshot.Multipletestannotations"/>
  <testcase name="verifytext1" time="8.962" classname="Screenshot.Multipletestannotations"/>
</testsuite> <!-- Screenshot.Multipletestannotations -->
