<?xml version="1.0" encoding="UTF-8"?>
<!-- Generated by org.testng.reporters.JUnitReportReporter -->
<testsuite hostname="DESKTOP-HILO9D6" name="crossBrowserTest.ActualCBT" tests="3" failures="0" timestamp="27 Jan 2017 00:31:08 GMT" time="0.106" errors="0">
  <testcase name="verifytitle" time="0.027" classname="crossBrowserTest.ActualCBT"/>
  <testcase name="verifytitle" time="0.012" classname="crossBrowserTest.ActualCBT"/>
  <testcase name="verifytitle" time="0.067" classname="crossBrowserTest.ActualCBT"/>
</testsuite> <!-- crossBrowserTest.ActualCBT -->
