<?xml version="1.0" encoding="UTF-8"?>
<!-- Generated by org.testng.reporters.JUnitReportReporter -->
<testsuite hostname="DESKTOP-HILO9D6" name="demoreport.TestTitle" tests="1" failures="0" timestamp="7 Jan 2017 04:50:46 GMT" time="0.011" errors="0">
  <testcase name="actualtest" time="0.011" classname="demoreport.TestTitle"/>
</testsuite> <!-- demoreport.TestTitle -->
