<?xml version="1.0" encoding="UTF-8"?>
<!-- Generated by org.testng.reporters.JUnitReportReporter -->
<testsuite hostname="DESKTOP-HILO9D6" name="demoreport.BarnesNoble" tests="2" failures="0" timestamp="11 Jan 2017 20:45:50 GMT" time="4.998" errors="0">
  <testcase name="testbegin" time="4.914" classname="demoreport.BarnesNoble"/>
  <testcase name="testbegin1" time="0.084" classname="demoreport.BarnesNoble"/>
</testsuite> <!-- demoreport.BarnesNoble -->
