<?xml version="1.0" encoding="UTF-8"?>
<!-- Generated by org.testng.reporters.JUnitReportReporter -->
<testsuite hostname="DESKTOP-HILO9D6" name="samplestestcases.FirstTestNG" tests="2" failures="0" timestamp="26 Jan 2017 00:59:49 GMT" time="1.742" errors="0">
  <testcase name="verifySupportlink" time="0.696" classname="samplestestcases.FirstTestNG"/>
  <testcase name="VerifyRegisterlinks" time="1.046" classname="samplestestcases.FirstTestNG"/>
</testsuite> <!-- samplestestcases.FirstTestNG -->
