<?xml version="1.0" encoding="UTF-8"?>
<!-- Generated by org.testng.reporters.JUnitReportReporter -->
<testsuite hostname="DESKTOP-HILO9D6" name="demoreport.Assignment18" tests="5" failures="0" timestamp="11 Jan 2017 22:23:35 GMT" time="102.175" errors="0">
  <testcase name="test" time="22.894" classname="demoreport.Assignment18"/>
  <testcase name="test" time="17.318" classname="demoreport.Assignment18"/>
  <testcase name="test" time="20.979" classname="demoreport.Assignment18"/>
  <testcase name="test" time="17.420" classname="demoreport.Assignment18"/>
  <testcase name="test" time="23.564" classname="demoreport.Assignment18"/>
</testsuite> <!-- demoreport.Assignment18 -->
