<?xml version="1.0" encoding="UTF-8"?>
<!-- Generated by org.testng.reporters.JUnitReportReporter -->
<testsuite hostname="DESKTOP-HILO9D6" name="demoreport.RightClickaction" tests="2" failures="0" timestamp="13 Jan 2017 00:01:34 GMT" time="5.325" errors="0">
  <testcase name="rightclick" time="1.971" classname="demoreport.RightClickaction"/>
  <testcase name="rightclickdelete" time="3.354" classname="demoreport.RightClickaction"/>
</testsuite> <!-- demoreport.RightClickaction -->
